[2020-12-29T17:28:28,986][INFO ][o.e.n.Node               ] [] initializing ...
[2020-12-29T17:28:29,086][INFO ][o.e.e.NodeEnvironment    ] [buUkKzC] using [1] data paths, mounts [[/home/vagrant/code (home_vagrant_code)]], net usable_space [94.4gb], net total_space [931.5gb], types [vboxsf]
[2020-12-29T17:28:29,086][INFO ][o.e.e.NodeEnvironment    ] [buUkKzC] heap size [1007.3mb], compressed ordinary object pointers [true]
[2020-12-29T17:28:29,099][INFO ][o.e.n.Node               ] node name [buUkKzC] derived from node ID [buUkKzCnTRamCQ6u66vpeQ]; set [node.name] to override
[2020-12-29T17:28:29,100][INFO ][o.e.n.Node               ] version[6.2.4], pid[14413], build[ccec39f/2018-04-12T20:37:28.497551Z], OS[Linux/4.15.0-91-generic/amd64], JVM[Private Build/OpenJDK 64-Bit Server VM/1.8.0_275/25.275-b01]
[2020-12-29T17:28:29,100][INFO ][o.e.n.Node               ] JVM arguments [-Xms1g, -Xmx1g, -XX:+UseConcMarkSweepGC, -XX:CMSInitiatingOccupancyFraction=75, -XX:+UseCMSInitiatingOccupancyOnly, -XX:+AlwaysPreTouch, -Xss1m, -Djava.awt.headless=true, -Dfile.encoding=UTF-8, -Djna.nosys=true, -XX:-OmitStackTraceInFastThrow, -Dio.netty.noUnsafe=true, -Dio.netty.noKeySetOptimization=true, -Dio.netty.recycler.maxCapacityPerThread=0, -Dlog4j.shutdownHookEnabled=false, -Dlog4j2.disable.jmx=true, -Djava.io.tmpdir=/tmp/elasticsearch.cUJdJb2M, -XX:+HeapDumpOnOutOfMemoryError, -XX:+PrintGCDetails, -XX:+PrintGCDateStamps, -XX:+PrintTenuringDistribution, -XX:+PrintGCApplicationStoppedTime, -Xloggc:logs/gc.log, -XX:+UseGCLogFileRotation, -XX:NumberOfGCLogFiles=32, -XX:GCLogFileSize=64m, -Des.path.home=/home/vagrant/code/board/es/elasticsearch-6.2.4, -Des.path.conf=/home/vagrant/code/board/es/elasticsearch-6.2.4/config]
[2020-12-29T17:28:30,453][INFO ][o.e.p.PluginsService     ] [buUkKzC] loaded module [aggs-matrix-stats]
[2020-12-29T17:28:30,454][INFO ][o.e.p.PluginsService     ] [buUkKzC] loaded module [analysis-common]
[2020-12-29T17:28:30,455][INFO ][o.e.p.PluginsService     ] [buUkKzC] loaded module [ingest-common]
[2020-12-29T17:28:30,455][INFO ][o.e.p.PluginsService     ] [buUkKzC] loaded module [lang-expression]
[2020-12-29T17:28:30,456][INFO ][o.e.p.PluginsService     ] [buUkKzC] loaded module [lang-mustache]
[2020-12-29T17:28:30,456][INFO ][o.e.p.PluginsService     ] [buUkKzC] loaded module [lang-painless]
[2020-12-29T17:28:30,456][INFO ][o.e.p.PluginsService     ] [buUkKzC] loaded module [mapper-extras]
[2020-12-29T17:28:30,457][INFO ][o.e.p.PluginsService     ] [buUkKzC] loaded module [parent-join]
[2020-12-29T17:28:30,457][INFO ][o.e.p.PluginsService     ] [buUkKzC] loaded module [percolator]
[2020-12-29T17:28:30,458][INFO ][o.e.p.PluginsService     ] [buUkKzC] loaded module [rank-eval]
[2020-12-29T17:28:30,458][INFO ][o.e.p.PluginsService     ] [buUkKzC] loaded module [reindex]
[2020-12-29T17:28:30,458][INFO ][o.e.p.PluginsService     ] [buUkKzC] loaded module [repository-url]
[2020-12-29T17:28:30,458][INFO ][o.e.p.PluginsService     ] [buUkKzC] loaded module [transport-netty4]
[2020-12-29T17:28:30,458][INFO ][o.e.p.PluginsService     ] [buUkKzC] loaded module [tribe]
[2020-12-29T17:28:30,459][INFO ][o.e.p.PluginsService     ] [buUkKzC] no plugins loaded
[2020-12-29T17:28:33,100][INFO ][o.e.d.DiscoveryModule    ] [buUkKzC] using discovery type [zen]
[2020-12-29T17:28:33,648][INFO ][o.e.n.Node               ] initialized
[2020-12-29T17:28:33,648][INFO ][o.e.n.Node               ] [buUkKzC] starting ...
[2020-12-29T17:28:33,837][INFO ][o.e.t.TransportService   ] [buUkKzC] publish_address {127.0.0.1:9300}, bound_addresses {[::1]:9300}, {127.0.0.1:9300}
[2020-12-29T17:28:36,975][INFO ][o.e.c.s.MasterService    ] [buUkKzC] zen-disco-elected-as-master ([0] nodes joined), reason: new_master {buUkKzC}{buUkKzCnTRamCQ6u66vpeQ}{vrzhMOSaQIuchDwIULlxDQ}{127.0.0.1}{127.0.0.1:9300}
[2020-12-29T17:28:36,983][INFO ][o.e.c.s.ClusterApplierService] [buUkKzC] new_master {buUkKzC}{buUkKzCnTRamCQ6u66vpeQ}{vrzhMOSaQIuchDwIULlxDQ}{127.0.0.1}{127.0.0.1:9300}, reason: apply cluster state (from master [master {buUkKzC}{buUkKzCnTRamCQ6u66vpeQ}{vrzhMOSaQIuchDwIULlxDQ}{127.0.0.1}{127.0.0.1:9300} committed version [1] source [zen-disco-elected-as-master ([0] nodes joined)]])
[2020-12-29T17:28:37,048][INFO ][o.e.g.GatewayService     ] [buUkKzC] recovered [0] indices into cluster_state
[2020-12-29T17:28:37,057][INFO ][o.e.h.n.Netty4HttpServerTransport] [buUkKzC] publish_address {127.0.0.1:9200}, bound_addresses {[::1]:9200}, {127.0.0.1:9200}
[2020-12-29T17:28:37,057][INFO ][o.e.n.Node               ] [buUkKzC] started
[2020-12-29T17:29:07,018][INFO ][o.e.c.r.a.DiskThresholdMonitor] [buUkKzC] low disk watermark [85%] exceeded on [buUkKzCnTRamCQ6u66vpeQ][buUkKzC][/home/vagrant/code/board/es/elasticsearch-6.2.4/data/nodes/0] free: 94.4gb[10.1%], replicas will not be assigned to this node
[2020-12-29T17:29:37,035][INFO ][o.e.c.r.a.DiskThresholdMonitor] [buUkKzC] low disk watermark [85%] exceeded on [buUkKzCnTRamCQ6u66vpeQ][buUkKzC][/home/vagrant/code/board/es/elasticsearch-6.2.4/data/nodes/0] free: 94.4gb[10.1%], replicas will not be assigned to this node
[2020-12-29T17:30:07,080][INFO ][o.e.c.r.a.DiskThresholdMonitor] [buUkKzC] low disk watermark [85%] exceeded on [buUkKzCnTRamCQ6u66vpeQ][buUkKzC][/home/vagrant/code/board/es/elasticsearch-6.2.4/data/nodes/0] free: 94.4gb[10.1%], replicas will not be assigned to this node
[2020-12-29T17:30:37,103][INFO ][o.e.c.r.a.DiskThresholdMonitor] [buUkKzC] low disk watermark [85%] exceeded on [buUkKzCnTRamCQ6u66vpeQ][buUkKzC][/home/vagrant/code/board/es/elasticsearch-6.2.4/data/nodes/0] free: 94.4gb[10.1%], replicas will not be assigned to this node
[2020-12-29T17:31:07,122][INFO ][o.e.c.r.a.DiskThresholdMonitor] [buUkKzC] low disk watermark [85%] exceeded on [buUkKzCnTRamCQ6u66vpeQ][buUkKzC][/home/vagrant/code/board/es/elasticsearch-6.2.4/data/nodes/0] free: 94.4gb[10.1%], replicas will not be assigned to this node
[2020-12-29T17:31:37,137][INFO ][o.e.c.r.a.DiskThresholdMonitor] [buUkKzC] low disk watermark [85%] exceeded on [buUkKzCnTRamCQ6u66vpeQ][buUkKzC][/home/vagrant/code/board/es/elasticsearch-6.2.4/data/nodes/0] free: 94.4gb[10.1%], replicas will not be assigned to this node
[2020-12-29T17:31:51,446][INFO ][o.e.n.Node               ] [buUkKzC] stopping ...
[2020-12-29T17:31:51,470][INFO ][o.e.n.Node               ] [buUkKzC] stopped
[2020-12-29T17:31:51,471][INFO ][o.e.n.Node               ] [buUkKzC] closing ...
[2020-12-29T17:31:51,480][INFO ][o.e.n.Node               ] [buUkKzC] closed
[2020-12-29T17:33:21,480][INFO ][o.e.n.Node               ] [] initializing ...
[2020-12-29T17:33:21,576][INFO ][o.e.e.NodeEnvironment    ] [buUkKzC] using [1] data paths, mounts [[/home/vagrant/code (home_vagrant_code)]], net usable_space [94.4gb], net total_space [931.5gb], types [vboxsf]
[2020-12-29T17:33:21,576][INFO ][o.e.e.NodeEnvironment    ] [buUkKzC] heap size [1007.3mb], compressed ordinary object pointers [true]
[2020-12-29T17:33:21,585][INFO ][o.e.n.Node               ] node name [buUkKzC] derived from node ID [buUkKzCnTRamCQ6u66vpeQ]; set [node.name] to override
[2020-12-29T17:33:21,585][INFO ][o.e.n.Node               ] version[6.2.4], pid[14663], build[ccec39f/2018-04-12T20:37:28.497551Z], OS[Linux/4.15.0-91-generic/amd64], JVM[Private Build/OpenJDK 64-Bit Server VM/1.8.0_275/25.275-b01]
[2020-12-29T17:33:21,586][INFO ][o.e.n.Node               ] JVM arguments [-Xms1g, -Xmx1g, -XX:+UseConcMarkSweepGC, -XX:CMSInitiatingOccupancyFraction=75, -XX:+UseCMSInitiatingOccupancyOnly, -XX:+AlwaysPreTouch, -Xss1m, -Djava.awt.headless=true, -Dfile.encoding=UTF-8, -Djna.nosys=true, -XX:-OmitStackTraceInFastThrow, -Dio.netty.noUnsafe=true, -Dio.netty.noKeySetOptimization=true, -Dio.netty.recycler.maxCapacityPerThread=0, -Dlog4j.shutdownHookEnabled=false, -Dlog4j2.disable.jmx=true, -Djava.io.tmpdir=/tmp/elasticsearch.RW51cOI4, -XX:+HeapDumpOnOutOfMemoryError, -XX:+PrintGCDetails, -XX:+PrintGCDateStamps, -XX:+PrintTenuringDistribution, -XX:+PrintGCApplicationStoppedTime, -Xloggc:logs/gc.log, -XX:+UseGCLogFileRotation, -XX:NumberOfGCLogFiles=32, -XX:GCLogFileSize=64m, -Des.path.home=/home/vagrant/code/board/es/elasticsearch-6.2.4, -Des.path.conf=/home/vagrant/code/board/es/elasticsearch-6.2.4/config]
[2020-12-29T17:33:22,738][INFO ][o.e.p.PluginsService     ] [buUkKzC] loaded module [aggs-matrix-stats]
[2020-12-29T17:33:22,739][INFO ][o.e.p.PluginsService     ] [buUkKzC] loaded module [analysis-common]
[2020-12-29T17:33:22,739][INFO ][o.e.p.PluginsService     ] [buUkKzC] loaded module [ingest-common]
[2020-12-29T17:33:22,739][INFO ][o.e.p.PluginsService     ] [buUkKzC] loaded module [lang-expression]
[2020-12-29T17:33:22,739][INFO ][o.e.p.PluginsService     ] [buUkKzC] loaded module [lang-mustache]
[2020-12-29T17:33:22,739][INFO ][o.e.p.PluginsService     ] [buUkKzC] loaded module [lang-painless]
[2020-12-29T17:33:22,740][INFO ][o.e.p.PluginsService     ] [buUkKzC] loaded module [mapper-extras]
[2020-12-29T17:33:22,740][INFO ][o.e.p.PluginsService     ] [buUkKzC] loaded module [parent-join]
[2020-12-29T17:33:22,740][INFO ][o.e.p.PluginsService     ] [buUkKzC] loaded module [percolator]
[2020-12-29T17:33:22,740][INFO ][o.e.p.PluginsService     ] [buUkKzC] loaded module [rank-eval]
[2020-12-29T17:33:22,740][INFO ][o.e.p.PluginsService     ] [buUkKzC] loaded module [reindex]
[2020-12-29T17:33:22,740][INFO ][o.e.p.PluginsService     ] [buUkKzC] loaded module [repository-url]
[2020-12-29T17:33:22,740][INFO ][o.e.p.PluginsService     ] [buUkKzC] loaded module [transport-netty4]
[2020-12-29T17:33:22,741][INFO ][o.e.p.PluginsService     ] [buUkKzC] loaded module [tribe]
[2020-12-29T17:33:22,741][INFO ][o.e.p.PluginsService     ] [buUkKzC] no plugins loaded
[2020-12-29T17:33:25,223][INFO ][o.e.d.DiscoveryModule    ] [buUkKzC] using discovery type [zen]
[2020-12-29T17:33:25,711][INFO ][o.e.n.Node               ] initialized
[2020-12-29T17:33:25,712][INFO ][o.e.n.Node               ] [buUkKzC] starting ...
[2020-12-29T17:33:25,863][INFO ][o.e.t.TransportService   ] [buUkKzC] publish_address {127.0.0.1:9300}, bound_addresses {[::1]:9300}, {127.0.0.1:9300}
[2020-12-29T17:33:28,958][INFO ][o.e.c.s.MasterService    ] [buUkKzC] zen-disco-elected-as-master ([0] nodes joined), reason: new_master {buUkKzC}{buUkKzCnTRamCQ6u66vpeQ}{d744QM3kSjqDPWSBIIAquA}{127.0.0.1}{127.0.0.1:9300}
[2020-12-29T17:33:28,966][INFO ][o.e.c.s.ClusterApplierService] [buUkKzC] new_master {buUkKzC}{buUkKzCnTRamCQ6u66vpeQ}{d744QM3kSjqDPWSBIIAquA}{127.0.0.1}{127.0.0.1:9300}, reason: apply cluster state (from master [master {buUkKzC}{buUkKzCnTRamCQ6u66vpeQ}{d744QM3kSjqDPWSBIIAquA}{127.0.0.1}{127.0.0.1:9300} committed version [1] source [zen-disco-elected-as-master ([0] nodes joined)]])
[2020-12-29T17:33:29,009][INFO ][o.e.h.n.Netty4HttpServerTransport] [buUkKzC] publish_address {127.0.0.1:9200}, bound_addresses {[::1]:9200}, {127.0.0.1:9200}
[2020-12-29T17:33:29,010][INFO ][o.e.n.Node               ] [buUkKzC] started
[2020-12-29T17:33:29,028][INFO ][o.e.g.GatewayService     ] [buUkKzC] recovered [0] indices into cluster_state
[2020-12-29T17:33:31,397][INFO ][o.e.n.Node               ] [buUkKzC] stopping ...
[2020-12-29T17:33:31,444][INFO ][o.e.n.Node               ] [buUkKzC] stopped
[2020-12-29T17:33:31,446][INFO ][o.e.n.Node               ] [buUkKzC] closing ...
[2020-12-29T17:33:31,460][INFO ][o.e.n.Node               ] [buUkKzC] closed
[2020-12-29T17:34:57,315][INFO ][o.e.n.Node               ] [] initializing ...
[2020-12-29T17:34:57,405][INFO ][o.e.e.NodeEnvironment    ] [buUkKzC] using [1] data paths, mounts [[/home/vagrant/code (home_vagrant_code)]], net usable_space [94.4gb], net total_space [931.5gb], types [vboxsf]
[2020-12-29T17:34:57,405][INFO ][o.e.e.NodeEnvironment    ] [buUkKzC] heap size [1007.3mb], compressed ordinary object pointers [true]
[2020-12-29T17:34:57,413][INFO ][o.e.n.Node               ] node name [buUkKzC] derived from node ID [buUkKzCnTRamCQ6u66vpeQ]; set [node.name] to override
[2020-12-29T17:34:57,414][INFO ][o.e.n.Node               ] version[6.2.4], pid[14802], build[ccec39f/2018-04-12T20:37:28.497551Z], OS[Linux/4.15.0-91-generic/amd64], JVM[Private Build/OpenJDK 64-Bit Server VM/1.8.0_275/25.275-b01]
[2020-12-29T17:34:57,414][INFO ][o.e.n.Node               ] JVM arguments [-Xms1g, -Xmx1g, -XX:+UseConcMarkSweepGC, -XX:CMSInitiatingOccupancyFraction=75, -XX:+UseCMSInitiatingOccupancyOnly, -XX:+AlwaysPreTouch, -Xss1m, -Djava.awt.headless=true, -Dfile.encoding=UTF-8, -Djna.nosys=true, -XX:-OmitStackTraceInFastThrow, -Dio.netty.noUnsafe=true, -Dio.netty.noKeySetOptimization=true, -Dio.netty.recycler.maxCapacityPerThread=0, -Dlog4j.shutdownHookEnabled=false, -Dlog4j2.disable.jmx=true, -Djava.io.tmpdir=/tmp/elasticsearch.Igd8ceAS, -XX:+HeapDumpOnOutOfMemoryError, -XX:+PrintGCDetails, -XX:+PrintGCDateStamps, -XX:+PrintTenuringDistribution, -XX:+PrintGCApplicationStoppedTime, -Xloggc:logs/gc.log, -XX:+UseGCLogFileRotation, -XX:NumberOfGCLogFiles=32, -XX:GCLogFileSize=64m, -Des.path.home=/home/vagrant/code/board/es/elasticsearch-6.2.4, -Des.path.conf=/home/vagrant/code/board/es/elasticsearch-6.2.4/config]
[2020-12-29T17:34:58,625][INFO ][o.e.p.PluginsService     ] [buUkKzC] loaded module [aggs-matrix-stats]
[2020-12-29T17:34:58,625][INFO ][o.e.p.PluginsService     ] [buUkKzC] loaded module [analysis-common]
[2020-12-29T17:34:58,625][INFO ][o.e.p.PluginsService     ] [buUkKzC] loaded module [ingest-common]
[2020-12-29T17:34:58,625][INFO ][o.e.p.PluginsService     ] [buUkKzC] loaded module [lang-expression]
[2020-12-29T17:34:58,625][INFO ][o.e.p.PluginsService     ] [buUkKzC] loaded module [lang-mustache]
[2020-12-29T17:34:58,626][INFO ][o.e.p.PluginsService     ] [buUkKzC] loaded module [lang-painless]
[2020-12-29T17:34:58,626][INFO ][o.e.p.PluginsService     ] [buUkKzC] loaded module [mapper-extras]
[2020-12-29T17:34:58,626][INFO ][o.e.p.PluginsService     ] [buUkKzC] loaded module [parent-join]
[2020-12-29T17:34:58,626][INFO ][o.e.p.PluginsService     ] [buUkKzC] loaded module [percolator]
[2020-12-29T17:34:58,627][INFO ][o.e.p.PluginsService     ] [buUkKzC] loaded module [rank-eval]
[2020-12-29T17:34:58,627][INFO ][o.e.p.PluginsService     ] [buUkKzC] loaded module [reindex]
[2020-12-29T17:34:58,627][INFO ][o.e.p.PluginsService     ] [buUkKzC] loaded module [repository-url]
[2020-12-29T17:34:58,627][INFO ][o.e.p.PluginsService     ] [buUkKzC] loaded module [transport-netty4]
[2020-12-29T17:34:58,627][INFO ][o.e.p.PluginsService     ] [buUkKzC] loaded module [tribe]
[2020-12-29T17:34:58,627][INFO ][o.e.p.PluginsService     ] [buUkKzC] no plugins loaded
[2020-12-29T17:35:01,134][INFO ][o.e.d.DiscoveryModule    ] [buUkKzC] using discovery type [zen]
[2020-12-29T17:35:01,719][INFO ][o.e.n.Node               ] initialized
[2020-12-29T17:35:01,719][INFO ][o.e.n.Node               ] [buUkKzC] starting ...
[2020-12-29T17:35:01,871][INFO ][o.e.t.TransportService   ] [buUkKzC] publish_address {127.0.0.1:9300}, bound_addresses {[::1]:9300}, {127.0.0.1:9300}
[2020-12-29T17:35:04,971][INFO ][o.e.c.s.MasterService    ] [buUkKzC] zen-disco-elected-as-master ([0] nodes joined), reason: new_master {buUkKzC}{buUkKzCnTRamCQ6u66vpeQ}{DUSvL3C7SGq9yrgmN-M2hg}{127.0.0.1}{127.0.0.1:9300}
[2020-12-29T17:35:04,977][INFO ][o.e.c.s.ClusterApplierService] [buUkKzC] new_master {buUkKzC}{buUkKzCnTRamCQ6u66vpeQ}{DUSvL3C7SGq9yrgmN-M2hg}{127.0.0.1}{127.0.0.1:9300}, reason: apply cluster state (from master [master {buUkKzC}{buUkKzCnTRamCQ6u66vpeQ}{DUSvL3C7SGq9yrgmN-M2hg}{127.0.0.1}{127.0.0.1:9300} committed version [1] source [zen-disco-elected-as-master ([0] nodes joined)]])
[2020-12-29T17:35:05,016][INFO ][o.e.h.n.Netty4HttpServerTransport] [buUkKzC] publish_address {127.0.0.1:9200}, bound_addresses {[::1]:9200}, {127.0.0.1:9200}
[2020-12-29T17:35:05,016][INFO ][o.e.n.Node               ] [buUkKzC] started
[2020-12-29T17:35:05,036][INFO ][o.e.g.GatewayService     ] [buUkKzC] recovered [0] indices into cluster_state
[2020-12-29T17:35:35,034][INFO ][o.e.c.r.a.DiskThresholdMonitor] [buUkKzC] low disk watermark [85%] exceeded on [buUkKzCnTRamCQ6u66vpeQ][buUkKzC][/home/vagrant/code/board/es/elasticsearch-6.2.4/data/nodes/0] free: 94.4gb[10.1%], replicas will not be assigned to this node
[2020-12-29T17:35:41,787][INFO ][o.e.c.m.MetaDataCreateIndexService] [buUkKzC] [adverts] creating index, cause [api], templates [], shards [5]/[1], mappings [advert]
[2020-12-29T17:35:42,432][INFO ][o.e.c.m.MetaDataCreateIndexService] [buUkKzC] [banners] creating index, cause [api], templates [], shards [5]/[1], mappings [banner]
[2020-12-29T17:36:05,109][INFO ][o.e.c.r.a.DiskThresholdMonitor] [buUkKzC] low disk watermark [85%] exceeded on [buUkKzCnTRamCQ6u66vpeQ][buUkKzC][/home/vagrant/code/board/es/elasticsearch-6.2.4/data/nodes/0] free: 94.4gb[10.1%], replicas will not be assigned to this node
[2020-12-29T17:36:35,277][INFO ][o.e.c.r.a.DiskThresholdMonitor] [buUkKzC] low disk watermark [85%] exceeded on [buUkKzCnTRamCQ6u66vpeQ][buUkKzC][/home/vagrant/code/board/es/elasticsearch-6.2.4/data/nodes/0] free: 94.4gb[10.1%], replicas will not be assigned to this node
[2020-12-29T17:37:05,391][INFO ][o.e.c.r.a.DiskThresholdMonitor] [buUkKzC] low disk watermark [85%] exceeded on [buUkKzCnTRamCQ6u66vpeQ][buUkKzC][/home/vagrant/code/board/es/elasticsearch-6.2.4/data/nodes/0] free: 94.4gb[10.1%], replicas will not be assigned to this node
[2020-12-29T17:37:35,525][INFO ][o.e.c.r.a.DiskThresholdMonitor] [buUkKzC] low disk watermark [85%] exceeded on [buUkKzCnTRamCQ6u66vpeQ][buUkKzC][/home/vagrant/code/board/es/elasticsearch-6.2.4/data/nodes/0] free: 94.4gb[10.1%], replicas will not be assigned to this node
[2020-12-29T17:38:05,645][INFO ][o.e.c.r.a.DiskThresholdMonitor] [buUkKzC] low disk watermark [85%] exceeded on [buUkKzCnTRamCQ6u66vpeQ][buUkKzC][/home/vagrant/code/board/es/elasticsearch-6.2.4/data/nodes/0] free: 94.4gb[10.1%], replicas will not be assigned to this node
[2020-12-29T17:38:35,772][INFO ][o.e.c.r.a.DiskThresholdMonitor] [buUkKzC] low disk watermark [85%] exceeded on [buUkKzCnTRamCQ6u66vpeQ][buUkKzC][/home/vagrant/code/board/es/elasticsearch-6.2.4/data/nodes/0] free: 94.4gb[10.1%], replicas will not be assigned to this node
[2020-12-29T17:39:05,869][INFO ][o.e.c.r.a.DiskThresholdMonitor] [buUkKzC] low disk watermark [85%] exceeded on [buUkKzCnTRamCQ6u66vpeQ][buUkKzC][/home/vagrant/code/board/es/elasticsearch-6.2.4/data/nodes/0] free: 94.4gb[10.1%], replicas will not be assigned to this node
[2020-12-29T17:39:36,018][INFO ][o.e.c.r.a.DiskThresholdMonitor] [buUkKzC] low disk watermark [85%] exceeded on [buUkKzCnTRamCQ6u66vpeQ][buUkKzC][/home/vagrant/code/board/es/elasticsearch-6.2.4/data/nodes/0] free: 94.4gb[10.1%], replicas will not be assigned to this node
[2020-12-29T17:40:06,168][INFO ][o.e.c.r.a.DiskThresholdMonitor] [buUkKzC] low disk watermark [85%] exceeded on [buUkKzCnTRamCQ6u66vpeQ][buUkKzC][/home/vagrant/code/board/es/elasticsearch-6.2.4/data/nodes/0] free: 94.4gb[10.1%], replicas will not be assigned to this node
[2020-12-29T17:40:36,329][INFO ][o.e.c.r.a.DiskThresholdMonitor] [buUkKzC] low disk watermark [85%] exceeded on [buUkKzCnTRamCQ6u66vpeQ][buUkKzC][/home/vagrant/code/board/es/elasticsearch-6.2.4/data/nodes/0] free: 94.4gb[10.1%], replicas will not be assigned to this node
[2020-12-29T17:41:06,498][INFO ][o.e.c.r.a.DiskThresholdMonitor] [buUkKzC] low disk watermark [85%] exceeded on [buUkKzCnTRamCQ6u66vpeQ][buUkKzC][/home/vagrant/code/board/es/elasticsearch-6.2.4/data/nodes/0] free: 94.4gb[10.1%], replicas will not be assigned to this node
[2020-12-29T17:41:36,671][INFO ][o.e.c.r.a.DiskThresholdMonitor] [buUkKzC] low disk watermark [85%] exceeded on [buUkKzCnTRamCQ6u66vpeQ][buUkKzC][/home/vagrant/code/board/es/elasticsearch-6.2.4/data/nodes/0] free: 94.4gb[10.1%], replicas will not be assigned to this node
[2020-12-29T17:42:06,813][INFO ][o.e.c.r.a.DiskThresholdMonitor] [buUkKzC] low disk watermark [85%] exceeded on [buUkKzCnTRamCQ6u66vpeQ][buUkKzC][/home/vagrant/code/board/es/elasticsearch-6.2.4/data/nodes/0] free: 94.4gb[10.1%], replicas will not be assigned to this node
[2020-12-29T17:42:36,949][INFO ][o.e.c.r.a.DiskThresholdMonitor] [buUkKzC] low disk watermark [85%] exceeded on [buUkKzCnTRamCQ6u66vpeQ][buUkKzC][/home/vagrant/code/board/es/elasticsearch-6.2.4/data/nodes/0] free: 94.4gb[10.1%], replicas will not be assigned to this node
[2020-12-29T17:43:07,118][INFO ][o.e.c.r.a.DiskThresholdMonitor] [buUkKzC] low disk watermark [85%] exceeded on [buUkKzCnTRamCQ6u66vpeQ][buUkKzC][/home/vagrant/code/board/es/elasticsearch-6.2.4/data/nodes/0] free: 94.4gb[10.1%], replicas will not be assigned to this node
[2020-12-29T17:43:37,270][INFO ][o.e.c.r.a.DiskThresholdMonitor] [buUkKzC] low disk watermark [85%] exceeded on [buUkKzCnTRamCQ6u66vpeQ][buUkKzC][/home/vagrant/code/board/es/elasticsearch-6.2.4/data/nodes/0] free: 94.4gb[10.1%], replicas will not be assigned to this node
[2020-12-29T17:44:07,384][INFO ][o.e.c.r.a.DiskThresholdMonitor] [buUkKzC] low disk watermark [85%] exceeded on [buUkKzCnTRamCQ6u66vpeQ][buUkKzC][/home/vagrant/code/board/es/elasticsearch-6.2.4/data/nodes/0] free: 94.4gb[10.1%], replicas will not be assigned to this node
[2020-12-29T17:44:37,520][INFO ][o.e.c.r.a.DiskThresholdMonitor] [buUkKzC] low disk watermark [85%] exceeded on [buUkKzCnTRamCQ6u66vpeQ][buUkKzC][/home/vagrant/code/board/es/elasticsearch-6.2.4/data/nodes/0] free: 94.4gb[10.1%], replicas will not be assigned to this node
[2020-12-29T17:45:07,710][INFO ][o.e.c.r.a.DiskThresholdMonitor] [buUkKzC] low disk watermark [85%] exceeded on [buUkKzCnTRamCQ6u66vpeQ][buUkKzC][/home/vagrant/code/board/es/elasticsearch-6.2.4/data/nodes/0] free: 94.4gb[10.1%], replicas will not be assigned to this node
[2020-12-29T17:45:37,882][INFO ][o.e.c.r.a.DiskThresholdMonitor] [buUkKzC] low disk watermark [85%] exceeded on [buUkKzCnTRamCQ6u66vpeQ][buUkKzC][/home/vagrant/code/board/es/elasticsearch-6.2.4/data/nodes/0] free: 94.4gb[10.1%], replicas will not be assigned to this node
[2020-12-29T17:46:08,004][INFO ][o.e.c.r.a.DiskThresholdMonitor] [buUkKzC] low disk watermark [85%] exceeded on [buUkKzCnTRamCQ6u66vpeQ][buUkKzC][/home/vagrant/code/board/es/elasticsearch-6.2.4/data/nodes/0] free: 94.4gb[10.1%], replicas will not be assigned to this node
[2020-12-29T17:46:38,136][INFO ][o.e.c.r.a.DiskThresholdMonitor] [buUkKzC] low disk watermark [85%] exceeded on [buUkKzCnTRamCQ6u66vpeQ][buUkKzC][/home/vagrant/code/board/es/elasticsearch-6.2.4/data/nodes/0] free: 94.4gb[10.1%], replicas will not be assigned to this node
[2020-12-29T17:47:08,446][INFO ][o.e.c.r.a.DiskThresholdMonitor] [buUkKzC] low disk watermark [85%] exceeded on [buUkKzCnTRamCQ6u66vpeQ][buUkKzC][/home/vagrant/code/board/es/elasticsearch-6.2.4/data/nodes/0] free: 94.4gb[10.1%], replicas will not be assigned to this node
[2020-12-29T17:47:38,579][INFO ][o.e.c.r.a.DiskThresholdMonitor] [buUkKzC] low disk watermark [85%] exceeded on [buUkKzCnTRamCQ6u66vpeQ][buUkKzC][/home/vagrant/code/board/es/elasticsearch-6.2.4/data/nodes/0] free: 94.4gb[10.1%], replicas will not be assigned to this node
[2020-12-29T17:48:08,812][INFO ][o.e.c.r.a.DiskThresholdMonitor] [buUkKzC] low disk watermark [85%] exceeded on [buUkKzCnTRamCQ6u66vpeQ][buUkKzC][/home/vagrant/code/board/es/elasticsearch-6.2.4/data/nodes/0] free: 94.4gb[10.1%], replicas will not be assigned to this node
[2020-12-29T17:48:39,001][INFO ][o.e.c.r.a.DiskThresholdMonitor] [buUkKzC] low disk watermark [85%] exceeded on [buUkKzCnTRamCQ6u66vpeQ][buUkKzC][/home/vagrant/code/board/es/elasticsearch-6.2.4/data/nodes/0] free: 94.4gb[10.1%], replicas will not be assigned to this node
[2020-12-29T17:49:09,099][INFO ][o.e.c.r.a.DiskThresholdMonitor] [buUkKzC] low disk watermark [85%] exceeded on [buUkKzCnTRamCQ6u66vpeQ][buUkKzC][/home/vagrant/code/board/es/elasticsearch-6.2.4/data/nodes/0] free: 94.4gb[10.1%], replicas will not be assigned to this node
[2020-12-29T17:49:39,234][INFO ][o.e.c.r.a.DiskThresholdMonitor] [buUkKzC] low disk watermark [85%] exceeded on [buUkKzCnTRamCQ6u66vpeQ][buUkKzC][/home/vagrant/code/board/es/elasticsearch-6.2.4/data/nodes/0] free: 94.4gb[10.1%], replicas will not be assigned to this node
[2020-12-29T17:50:09,362][INFO ][o.e.c.r.a.DiskThresholdMonitor] [buUkKzC] low disk watermark [85%] exceeded on [buUkKzCnTRamCQ6u66vpeQ][buUkKzC][/home/vagrant/code/board/es/elasticsearch-6.2.4/data/nodes/0] free: 94.4gb[10.1%], replicas will not be assigned to this node
[2020-12-29T17:50:39,491][INFO ][o.e.c.r.a.DiskThresholdMonitor] [buUkKzC] low disk watermark [85%] exceeded on [buUkKzCnTRamCQ6u66vpeQ][buUkKzC][/home/vagrant/code/board/es/elasticsearch-6.2.4/data/nodes/0] free: 94.4gb[10.1%], replicas will not be assigned to this node
[2020-12-29T17:51:09,643][INFO ][o.e.c.r.a.DiskThresholdMonitor] [buUkKzC] low disk watermark [85%] exceeded on [buUkKzCnTRamCQ6u66vpeQ][buUkKzC][/home/vagrant/code/board/es/elasticsearch-6.2.4/data/nodes/0] free: 94.4gb[10.1%], replicas will not be assigned to this node
[2020-12-29T17:51:39,762][INFO ][o.e.c.r.a.DiskThresholdMonitor] [buUkKzC] low disk watermark [85%] exceeded on [buUkKzCnTRamCQ6u66vpeQ][buUkKzC][/home/vagrant/code/board/es/elasticsearch-6.2.4/data/nodes/0] free: 94.4gb[10.1%], replicas will not be assigned to this node
[2020-12-29T17:52:09,860][INFO ][o.e.c.r.a.DiskThresholdMonitor] [buUkKzC] low disk watermark [85%] exceeded on [buUkKzCnTRamCQ6u66vpeQ][buUkKzC][/home/vagrant/code/board/es/elasticsearch-6.2.4/data/nodes/0] free: 94.4gb[10.1%], replicas will not be assigned to this node
[2020-12-29T17:52:40,021][INFO ][o.e.c.r.a.DiskThresholdMonitor] [buUkKzC] low disk watermark [85%] exceeded on [buUkKzCnTRamCQ6u66vpeQ][buUkKzC][/home/vagrant/code/board/es/elasticsearch-6.2.4/data/nodes/0] free: 94.4gb[10.1%], replicas will not be assigned to this node
[2020-12-29T17:53:10,131][INFO ][o.e.c.r.a.DiskThresholdMonitor] [buUkKzC] low disk watermark [85%] exceeded on [buUkKzCnTRamCQ6u66vpeQ][buUkKzC][/home/vagrant/code/board/es/elasticsearch-6.2.4/data/nodes/0] free: 94.4gb[10.1%], replicas will not be assigned to this node
[2020-12-29T17:53:40,239][INFO ][o.e.c.r.a.DiskThresholdMonitor] [buUkKzC] low disk watermark [85%] exceeded on [buUkKzCnTRamCQ6u66vpeQ][buUkKzC][/home/vagrant/code/board/es/elasticsearch-6.2.4/data/nodes/0] free: 94.4gb[10.1%], replicas will not be assigned to this node
[2020-12-29T17:54:10,361][INFO ][o.e.c.r.a.DiskThresholdMonitor] [buUkKzC] low disk watermark [85%] exceeded on [buUkKzCnTRamCQ6u66vpeQ][buUkKzC][/home/vagrant/code/board/es/elasticsearch-6.2.4/data/nodes/0] free: 94.4gb[10.1%], replicas will not be assigned to this node
[2020-12-29T17:54:40,505][INFO ][o.e.c.r.a.DiskThresholdMonitor] [buUkKzC] low disk watermark [85%] exceeded on [buUkKzCnTRamCQ6u66vpeQ][buUkKzC][/home/vagrant/code/board/es/elasticsearch-6.2.4/data/nodes/0] free: 94.4gb[10.1%], replicas will not be assigned to this node
[2020-12-29T17:55:10,648][INFO ][o.e.c.r.a.DiskThresholdMonitor] [buUkKzC] low disk watermark [85%] exceeded on [buUkKzCnTRamCQ6u66vpeQ][buUkKzC][/home/vagrant/code/board/es/elasticsearch-6.2.4/data/nodes/0] free: 94.4gb[10.1%], replicas will not be assigned to this node
[2020-12-29T17:55:40,779][INFO ][o.e.c.r.a.DiskThresholdMonitor] [buUkKzC] low disk watermark [85%] exceeded on [buUkKzCnTRamCQ6u66vpeQ][buUkKzC][/home/vagrant/code/board/es/elasticsearch-6.2.4/data/nodes/0] free: 94.4gb[10.1%], replicas will not be assigned to this node
[2020-12-29T17:56:10,873][INFO ][o.e.c.r.a.DiskThresholdMonitor] [buUkKzC] low disk watermark [85%] exceeded on [buUkKzCnTRamCQ6u66vpeQ][buUkKzC][/home/vagrant/code/board/es/elasticsearch-6.2.4/data/nodes/0] free: 94.4gb[10.1%], replicas will not be assigned to this node
[2020-12-29T17:56:41,031][INFO ][o.e.c.r.a.DiskThresholdMonitor] [buUkKzC] low disk watermark [85%] exceeded on [buUkKzCnTRamCQ6u66vpeQ][buUkKzC][/home/vagrant/code/board/es/elasticsearch-6.2.4/data/nodes/0] free: 94.4gb[10.1%], replicas will not be assigned to this node
[2020-12-29T17:57:11,172][INFO ][o.e.c.r.a.DiskThresholdMonitor] [buUkKzC] low disk watermark [85%] exceeded on [buUkKzCnTRamCQ6u66vpeQ][buUkKzC][/home/vagrant/code/board/es/elasticsearch-6.2.4/data/nodes/0] free: 94.4gb[10.1%], replicas will not be assigned to this node
[2020-12-29T17:57:41,299][INFO ][o.e.c.r.a.DiskThresholdMonitor] [buUkKzC] low disk watermark [85%] exceeded on [buUkKzCnTRamCQ6u66vpeQ][buUkKzC][/home/vagrant/code/board/es/elasticsearch-6.2.4/data/nodes/0] free: 94.4gb[10.1%], replicas will not be assigned to this node
[2020-12-29T17:58:11,447][INFO ][o.e.c.r.a.DiskThresholdMonitor] [buUkKzC] low disk watermark [85%] exceeded on [buUkKzCnTRamCQ6u66vpeQ][buUkKzC][/home/vagrant/code/board/es/elasticsearch-6.2.4/data/nodes/0] free: 94.4gb[10.1%], replicas will not be assigned to this node
[2020-12-29T17:58:41,565][INFO ][o.e.c.r.a.DiskThresholdMonitor] [buUkKzC] low disk watermark [85%] exceeded on [buUkKzCnTRamCQ6u66vpeQ][buUkKzC][/home/vagrant/code/board/es/elasticsearch-6.2.4/data/nodes/0] free: 94.4gb[10.1%], replicas will not be assigned to this node
[2020-12-29T17:59:11,739][INFO ][o.e.c.r.a.DiskThresholdMonitor] [buUkKzC] low disk watermark [85%] exceeded on [buUkKzCnTRamCQ6u66vpeQ][buUkKzC][/home/vagrant/code/board/es/elasticsearch-6.2.4/data/nodes/0] free: 94.4gb[10.1%], replicas will not be assigned to this node
[2020-12-29T17:59:41,910][INFO ][o.e.c.r.a.DiskThresholdMonitor] [buUkKzC] low disk watermark [85%] exceeded on [buUkKzCnTRamCQ6u66vpeQ][buUkKzC][/home/vagrant/code/board/es/elasticsearch-6.2.4/data/nodes/0] free: 94.4gb[10.1%], replicas will not be assigned to this node
[2020-12-29T18:00:12,093][INFO ][o.e.c.r.a.DiskThresholdMonitor] [buUkKzC] low disk watermark [85%] exceeded on [buUkKzCnTRamCQ6u66vpeQ][buUkKzC][/home/vagrant/code/board/es/elasticsearch-6.2.4/data/nodes/0] free: 94.4gb[10.1%], replicas will not be assigned to this node
[2020-12-29T18:00:42,414][INFO ][o.e.c.r.a.DiskThresholdMonitor] [buUkKzC] low disk watermark [85%] exceeded on [buUkKzCnTRamCQ6u66vpeQ][buUkKzC][/home/vagrant/code/board/es/elasticsearch-6.2.4/data/nodes/0] free: 94.4gb[10.1%], replicas will not be assigned to this node
[2020-12-29T18:01:10,998][INFO ][o.e.c.m.MetaDataDeleteIndexService] [buUkKzC] [adverts/MeTVhmBTTei8ByP1Net4RQ] deleting index
[2020-12-29T18:01:11,346][INFO ][o.e.c.m.MetaDataCreateIndexService] [buUkKzC] [adverts] creating index, cause [api], templates [], shards [5]/[1], mappings [advert]
[2020-12-29T18:01:11,871][INFO ][o.e.c.m.MetaDataDeleteIndexService] [buUkKzC] [banners/8xX3nQcTQxmk9ujMq6vMfg] deleting index
[2020-12-29T18:01:12,137][INFO ][o.e.c.m.MetaDataCreateIndexService] [buUkKzC] [banners] creating index, cause [api], templates [], shards [5]/[1], mappings [banner]
[2020-12-29T18:01:12,476][INFO ][o.e.c.r.a.DiskThresholdMonitor] [buUkKzC] low disk watermark [85%] exceeded on [buUkKzCnTRamCQ6u66vpeQ][buUkKzC][/home/vagrant/code/board/es/elasticsearch-6.2.4/data/nodes/0] free: 94.4gb[10.1%], replicas will not be assigned to this node
[2020-12-29T18:01:42,651][INFO ][o.e.c.r.a.DiskThresholdMonitor] [buUkKzC] low disk watermark [85%] exceeded on [buUkKzCnTRamCQ6u66vpeQ][buUkKzC][/home/vagrant/code/board/es/elasticsearch-6.2.4/data/nodes/0] free: 94.4gb[10.1%], replicas will not be assigned to this node
[2020-12-29T18:02:12,810][INFO ][o.e.c.r.a.DiskThresholdMonitor] [buUkKzC] low disk watermark [85%] exceeded on [buUkKzCnTRamCQ6u66vpeQ][buUkKzC][/home/vagrant/code/board/es/elasticsearch-6.2.4/data/nodes/0] free: 94.4gb[10.1%], replicas will not be assigned to this node
[2020-12-29T18:02:42,957][INFO ][o.e.c.r.a.DiskThresholdMonitor] [buUkKzC] low disk watermark [85%] exceeded on [buUkKzCnTRamCQ6u66vpeQ][buUkKzC][/home/vagrant/code/board/es/elasticsearch-6.2.4/data/nodes/0] free: 94.4gb[10.1%], replicas will not be assigned to this node
[2020-12-29T18:03:13,169][INFO ][o.e.c.r.a.DiskThresholdMonitor] [buUkKzC] low disk watermark [85%] exceeded on [buUkKzCnTRamCQ6u66vpeQ][buUkKzC][/home/vagrant/code/board/es/elasticsearch-6.2.4/data/nodes/0] free: 94.4gb[10.1%], replicas will not be assigned to this node
[2020-12-29T18:03:43,285][INFO ][o.e.c.r.a.DiskThresholdMonitor] [buUkKzC] low disk watermark [85%] exceeded on [buUkKzCnTRamCQ6u66vpeQ][buUkKzC][/home/vagrant/code/board/es/elasticsearch-6.2.4/data/nodes/0] free: 94.4gb[10.1%], replicas will not be assigned to this node
[2020-12-29T18:04:13,394][INFO ][o.e.c.r.a.DiskThresholdMonitor] [buUkKzC] low disk watermark [85%] exceeded on [buUkKzCnTRamCQ6u66vpeQ][buUkKzC][/home/vagrant/code/board/es/elasticsearch-6.2.4/data/nodes/0] free: 94.4gb[10.1%], replicas will not be assigned to this node
[2020-12-29T18:04:43,518][INFO ][o.e.c.r.a.DiskThresholdMonitor] [buUkKzC] low disk watermark [85%] exceeded on [buUkKzCnTRamCQ6u66vpeQ][buUkKzC][/home/vagrant/code/board/es/elasticsearch-6.2.4/data/nodes/0] free: 94.4gb[10.1%], replicas will not be assigned to this node
[2020-12-29T18:05:13,651][INFO ][o.e.c.r.a.DiskThresholdMonitor] [buUkKzC] low disk watermark [85%] exceeded on [buUkKzCnTRamCQ6u66vpeQ][buUkKzC][/home/vagrant/code/board/es/elasticsearch-6.2.4/data/nodes/0] free: 94.4gb[10.1%], replicas will not be assigned to this node
[2020-12-29T18:05:43,834][INFO ][o.e.c.r.a.DiskThresholdMonitor] [buUkKzC] low disk watermark [85%] exceeded on [buUkKzCnTRamCQ6u66vpeQ][buUkKzC][/home/vagrant/code/board/es/elasticsearch-6.2.4/data/nodes/0] free: 94.4gb[10.1%], replicas will not be assigned to this node
[2020-12-29T18:06:14,013][INFO ][o.e.c.r.a.DiskThresholdMonitor] [buUkKzC] low disk watermark [85%] exceeded on [buUkKzCnTRamCQ6u66vpeQ][buUkKzC][/home/vagrant/code/board/es/elasticsearch-6.2.4/data/nodes/0] free: 94.4gb[10.1%], replicas will not be assigned to this node
[2020-12-29T18:06:44,145][INFO ][o.e.c.r.a.DiskThresholdMonitor] [buUkKzC] low disk watermark [85%] exceeded on [buUkKzCnTRamCQ6u66vpeQ][buUkKzC][/home/vagrant/code/board/es/elasticsearch-6.2.4/data/nodes/0] free: 94.4gb[10.1%], replicas will not be assigned to this node
[2020-12-29T18:07:14,282][INFO ][o.e.c.r.a.DiskThresholdMonitor] [buUkKzC] low disk watermark [85%] exceeded on [buUkKzCnTRamCQ6u66vpeQ][buUkKzC][/home/vagrant/code/board/es/elasticsearch-6.2.4/data/nodes/0] free: 94.4gb[10.1%], replicas will not be assigned to this node
[2020-12-29T18:07:44,500][INFO ][o.e.c.r.a.DiskThresholdMonitor] [buUkKzC] low disk watermark [85%] exceeded on [buUkKzCnTRamCQ6u66vpeQ][buUkKzC][/home/vagrant/code/board/es/elasticsearch-6.2.4/data/nodes/0] free: 94.4gb[10.1%], replicas will not be assigned to this node
[2020-12-29T18:08:14,638][INFO ][o.e.c.r.a.DiskThresholdMonitor] [buUkKzC] low disk watermark [85%] exceeded on [buUkKzCnTRamCQ6u66vpeQ][buUkKzC][/home/vagrant/code/board/es/elasticsearch-6.2.4/data/nodes/0] free: 94.4gb[10.1%], replicas will not be assigned to this node
